2020-11-06 14-12-53.867 : ★★★★★[Exception][ControlLayout][SetBackgroundImage]        => C:\Users\admin\Documents\Visual Studio 2015\Projects\SmartFactoryProject_Final\SmartFactoryProject-Final\bin\Debug\Resource\TEXTIMG\scroll_h190_up_nomal.png
이미지 C:\Users\admin\Documents\Visual Studio 2015\Projects\SmartFactoryProject_Final\SmartFactoryProject-Final\bin\Debug\Resource\TEXTIMG\scroll_h190_up_nomal.png가 존재하지 않습니다

2020-11-06 14-12-53.912 : ★★★★★[Exception][ControlLayout][SetBackgroundImage]        => C:\Users\admin\Documents\Visual Studio 2015\Projects\SmartFactoryProject_Final\SmartFactoryProject-Final\bin\Debug\Resource\TEXTIMG\scroll_h190_down_nomal.png
이미지 C:\Users\admin\Documents\Visual Studio 2015\Projects\SmartFactoryProject_Final\SmartFactoryProject-Final\bin\Debug\Resource\TEXTIMG\scroll_h190_down_nomal.png가 존재하지 않습니다

2020-11-06 14-12-55.348 : ★★★★★[Exception][ControlLayout][SetBackgroundImage]        => C:\Users\admin\Documents\Visual Studio 2015\Projects\SmartFactoryProject_Final\SmartFactoryProject-Final\bin\Debug\Resource\TEXTIMG\scroll_h190_up_nomal.png
이미지 C:\Users\admin\Documents\Visual Studio 2015\Projects\SmartFactoryProject_Final\SmartFactoryProject-Final\bin\Debug\Resource\TEXTIMG\scroll_h190_up_nomal.png가 존재하지 않습니다

2020-11-06 14-12-55.392 : ★★★★★[Exception][ControlLayout][SetBackgroundImage]        => C:\Users\admin\Documents\Visual Studio 2015\Projects\SmartFactoryProject_Final\SmartFactoryProject-Final\bin\Debug\Resource\TEXTIMG\scroll_h190_down_nomal.png
이미지 C:\Users\admin\Documents\Visual Studio 2015\Projects\SmartFactoryProject_Final\SmartFactoryProject-Final\bin\Debug\Resource\TEXTIMG\scroll_h190_down_nomal.png가 존재하지 않습니다

2020-11-06 14-12-56.168 : ★★★★★[Exception][ControlLayout][SetBackgroundImage]        => C:\Users\admin\Documents\Visual Studio 2015\Projects\SmartFactoryProject_Final\SmartFactoryProject-Final\bin\Debug\Resource\TEXTIMG\scroll_h190_down_press.png
이미지 C:\Users\admin\Documents\Visual Studio 2015\Projects\SmartFactoryProject_Final\SmartFactoryProject-Final\bin\Debug\Resource\TEXTIMG\scroll_h190_down_press.png가 존재하지 않습니다

2020-11-06 14-12-56.281 : ★★★★★[Exception][ControlLayout][SetBackgroundImage]        => C:\Users\admin\Documents\Visual Studio 2015\Projects\SmartFactoryProject_Final\SmartFactoryProject-Final\bin\Debug\Resource\TEXTIMG\scroll_h190_down_nomal.png
이미지 C:\Users\admin\Documents\Visual Studio 2015\Projects\SmartFactoryProject_Final\SmartFactoryProject-Final\bin\Debug\Resource\TEXTIMG\scroll_h190_down_nomal.png가 존재하지 않습니다

2020-11-06 14-12-56.669 : ★★★★★[Exception][ControlLayout][SetBackgroundImage]        => C:\Users\admin\Documents\Visual Studio 2015\Projects\SmartFactoryProject_Final\SmartFactoryProject-Final\bin\Debug\Resource\TEXTIMG\scroll_h190_up_press.png
이미지 C:\Users\admin\Documents\Visual Studio 2015\Projects\SmartFactoryProject_Final\SmartFactoryProject-Final\bin\Debug\Resource\TEXTIMG\scroll_h190_up_press.png가 존재하지 않습니다

2020-11-06 14-12-56.778 : ★★★★★[Exception][ControlLayout][SetBackgroundImage]        => C:\Users\admin\Documents\Visual Studio 2015\Projects\SmartFactoryProject_Final\SmartFactoryProject-Final\bin\Debug\Resource\TEXTIMG\scroll_h190_up_nomal.png
이미지 C:\Users\admin\Documents\Visual Studio 2015\Projects\SmartFactoryProject_Final\SmartFactoryProject-Final\bin\Debug\Resource\TEXTIMG\scroll_h190_up_nomal.png가 존재하지 않습니다

2020-11-06 14-12-57.109 : ★★★★★[Exception][ControlLayout][SetBackgroundImage]        => C:\Users\admin\Documents\Visual Studio 2015\Projects\SmartFactoryProject_Final\SmartFactoryProject-Final\bin\Debug\Resource\TEXTIMG\scroll_h190_down_press.png
이미지 C:\Users\admin\Documents\Visual Studio 2015\Projects\SmartFactoryProject_Final\SmartFactoryProject-Final\bin\Debug\Resource\TEXTIMG\scroll_h190_down_press.png가 존재하지 않습니다

2020-11-06 14-12-57.221 : ★★★★★[Exception][ControlLayout][SetBackgroundImage]        => C:\Users\admin\Documents\Visual Studio 2015\Projects\SmartFactoryProject_Final\SmartFactoryProject-Final\bin\Debug\Resource\TEXTIMG\scroll_h190_down_nomal.png
이미지 C:\Users\admin\Documents\Visual Studio 2015\Projects\SmartFactoryProject_Final\SmartFactoryProject-Final\bin\Debug\Resource\TEXTIMG\scroll_h190_down_nomal.png가 존재하지 않습니다

2020-11-06 14-12-59.108 : ★★★★★[Exception][ControlLayout][SetBackgroundImage]        => C:\Users\admin\Documents\Visual Studio 2015\Projects\SmartFactoryProject_Final\SmartFactoryProject-Final\bin\Debug\Resource\TEXTIMG\scroll_h190_up_nomal.png
이미지 C:\Users\admin\Documents\Visual Studio 2015\Projects\SmartFactoryProject_Final\SmartFactoryProject-Final\bin\Debug\Resource\TEXTIMG\scroll_h190_up_nomal.png가 존재하지 않습니다

2020-11-06 14-12-59.148 : ★★★★★[Exception][ControlLayout][SetBackgroundImage]        => C:\Users\admin\Documents\Visual Studio 2015\Projects\SmartFactoryProject_Final\SmartFactoryProject-Final\bin\Debug\Resource\TEXTIMG\scroll_h190_down_nomal.png
이미지 C:\Users\admin\Documents\Visual Studio 2015\Projects\SmartFactoryProject_Final\SmartFactoryProject-Final\bin\Debug\Resource\TEXTIMG\scroll_h190_down_nomal.png가 존재하지 않습니다

2020-11-06 14-13-09.686 : ★★★★★[Exception][ControlLayout][SetBackgroundImage]        => C:\Users\admin\Documents\Visual Studio 2015\Projects\SmartFactoryProject_Final\SmartFactoryProject-Final\bin\Debug\Resource\TEXTIMG\scroll_h190_up_nomal.png
이미지 C:\Users\admin\Documents\Visual Studio 2015\Projects\SmartFactoryProject_Final\SmartFactoryProject-Final\bin\Debug\Resource\TEXTIMG\scroll_h190_up_nomal.png가 존재하지 않습니다

2020-11-06 14-13-09.731 : ★★★★★[Exception][ControlLayout][SetBackgroundImage]        => C:\Users\admin\Documents\Visual Studio 2015\Projects\SmartFactoryProject_Final\SmartFactoryProject-Final\bin\Debug\Resource\TEXTIMG\scroll_h190_down_nomal.png
이미지 C:\Users\admin\Documents\Visual Studio 2015\Projects\SmartFactoryProject_Final\SmartFactoryProject-Final\bin\Debug\Resource\TEXTIMG\scroll_h190_down_nomal.png가 존재하지 않습니다

2020-11-06 14-13-10.988 : ★★★★★[Exception][ControlLayout][SetBackgroundImage]        => C:\Users\admin\Documents\Visual Studio 2015\Projects\SmartFactoryProject_Final\SmartFactoryProject-Final\bin\Debug\Resource\TEXTIMG\scroll_h190_up_nomal.png
이미지 C:\Users\admin\Documents\Visual Studio 2015\Projects\SmartFactoryProject_Final\SmartFactoryProject-Final\bin\Debug\Resource\TEXTIMG\scroll_h190_up_nomal.png가 존재하지 않습니다

2020-11-06 14-13-11.032 : ★★★★★[Exception][ControlLayout][SetBackgroundImage]        => C:\Users\admin\Documents\Visual Studio 2015\Projects\SmartFactoryProject_Final\SmartFactoryProject-Final\bin\Debug\Resource\TEXTIMG\scroll_h190_down_nomal.png
이미지 C:\Users\admin\Documents\Visual Studio 2015\Projects\SmartFactoryProject_Final\SmartFactoryProject-Final\bin\Debug\Resource\TEXTIMG\scroll_h190_down_nomal.png가 존재하지 않습니다

